<?xml version='1.0' encoding='UTF-8'?>
<testsuite hostname="Brunos-MBP" name="forcomp.AnagramsSuite" tests="11" errors="0" failures="1" skipped="0" time="0.645" timestamp="2020-03-01T22:47:11">
                     <properties>
[...]
</properties>
                     <testcase classname="forcomp.AnagramsSuite" name="get: eat (10pts)" time="0.551">
                                                 
                                               </testcase><testcase classname="forcomp.AnagramsSuite" name="sentenceOccurrences: abcd e (5pts)" time="0.001">
                                                 
                                               </testcase><testcase classname="forcomp.AnagramsSuite" name="wordAnagrams player (2pts)" time="0.003">
                                                 
                                               </testcase><testcase classname="forcomp.AnagramsSuite" name="combinations: [] (8pts)" time="0.001">
                                                 
                                               </testcase><testcase classname="forcomp.AnagramsSuite" name="sentence anagrams: Linux rulez (10pts)" time="0.085">
                                                 <failure message="java.lang.AssertionError: expected:&lt;HashSet(List(Zulu, nil, Rex), List(Rex, Uzi, null), List(rulez, Linux), List(Zulu, Rex, Lin), List(Zulu, Rex, nil), List(Rex, Lin, Zulu), List(Rex, Zulu, nil), List(Lin, Zulu, Rex), List(null, Uzi, Rex), List(Zulu, Lin, Rex), List(Linux, rulez), List(Uzi, null, Rex), List(Uzi, Rex, null), List(Lin, Rex, Zulu), List(nil, Rex, Zulu), List(nil, Zulu, Rex), List(null, Rex, Uzi), List(Rex, Zulu, Lin), List(Rex, nil, Zulu), List(Rex, null, Uzi))&gt; but was:&lt;HashSet(List(rue, nu, ill, Liz, null, ill, nu, in, Uzi, Unix, Lin, nil, Liz, nu, Linux), List(Linux, re, rue, lure, rule, rulez), List(ex, nu, ill, Uzi, Uri, Liz, rill, run, urn, ill, Uzi, Liz, Zulu, in, Lin, nil, null, Uzi, Uri, ill, nu, run, urn, in, Zulu, Uzi, nu, run, urn, null, Uri, nu, null, ruin, Lin, nil, Zulu, Liz, nu, run, urn, rill, nu), List(en, Zulu, ill, Uzi, Uri, Liz, rill), List(null, Uzi, re, ex, Rex, Uri, ex, re, Uzi, ex, Uzi, Uri, rue, Rex, Uzi, ire), List(Uri, nu, ex, null, ex, en, ex, nu, null, Zen, Len, Nell), List(ire, nu, Zulu, null), List(ruin, ex), List(Uzi, nu, re, ex, Rex, run, urn, ex, null, re, ex, Rex, en, re, nu, null, ex, nu, run, urn, null, rue, Rex, nu, null, Len, lure, rule, Nell), List(Rex, nu, ill, Uzi, Liz, Zulu, in, Lin, nil, null, Uzi, ill, nu, in, Zulu, Uzi, nu, null, Lin, nil, Zulu, Liz, nu), List(rein, Zulu), List(nu, ill, re, ex, rue, Rex, Uzi, re, ex, Rex, Uri, ex, Liz, re, ex, rue, Rex, lure, rule, rill, ex, re, ill, Uzi, Liz, ex, ill, Uzi, Uri, Liz, rill, rue, ill, Liz, Rex, ill, Uzi, Liz, lure, rule, Liz, rulez, Eli, lie, ire, lieu), List(liner, Zulu), List(lien, line, Neil, Nile, Zulu), List(lieu, nu, run, urn), List(run, urn, ill, ex, Uzi, ex, Liz, ex, ex, ill, Uzi, Liz, Eli, lie, lieu), List(Zen, ill, Uri, rill), List(rulez, nu, in, Unix, Lin, nil, Linux), List(rill, nu, ex, en, ex, nu, Zen), List(Unix, re, rue, lure, rule, rulez), List(Len, Zulu, Uzi, Uri, Liz), List(), List(Eli, lie, nu, run, urn, Zulu), List(Liz, nu, re, ex, rue, Rex, lure, rule, run, urn, ex, en, re, nu, ex, nu, run, urn, rue, nu, Rex, nu, Len, lure, rule, nu), List(ill, nu, re, ex, rue, Rex, run, urn, ex, en, re, nu, ex, nu, run, urn, rue, nu, Rex, nu, Zen), List(Nell, Uzi, Uri), List(Lin, nil, Zulu, re, ex, Rex, re, Zulu, ex, Zulu, rue, Rex, Zulu, lure, rule, rulez), List(urine), List(re, nu, ill, Uzi, Liz, Zulu, in, Lin, nil, null, Uzi, ill, nu, in, Zulu, Uzi, nu, null, Unix, Lin, nil, Zulu, Liz, nu, Linux), List(lure, rule, nu, Liz, in, Uzi, Unix, Lin, nil, Liz, nu, Linux), List(Zulu, in, re, ex, Rex, Lin, nil, re, ex, Rex, en, re, in, Lin, nil, ex, in, Lin, nil, Rex, in, Lin, nil, Len, Eli, lie, ire, rein, lien, line, Neil, Nile, liner), List(in, Zulu, re, ex, Rex, re, Zulu, ex, Zulu, rue, Rex, Zulu, lure, rule, rulez))&gt;" type="sbt.ForkMain$ForkError">sbt.ForkMain$ForkError: java.lang.AssertionError: expected:&lt;HashSet(List(Zulu, nil, Rex), List(Rex, Uzi, null), List(rulez, Linux), List(Zulu, Rex, Lin), List(Zulu, Rex, nil), List(Rex, Lin, Zulu), List(Rex, Zulu, nil), List(Lin, Zulu, Rex), List(null, Uzi, Rex), List(Zulu, Lin, Rex), List(Linux, rulez), List(Uzi, null, Rex), List(Uzi, Rex, null), List(Lin, Rex, Zulu), List(nil, Rex, Zulu), List(nil, Zulu, Rex), List(null, Rex, Uzi), List(Rex, Zulu, Lin), List(Rex, nil, Zulu), List(Rex, null, Uzi))&gt; but was:&lt;HashSet(List(rue, nu, ill, Liz, null, ill, nu, in, Uzi, Unix, Lin, nil, Liz, nu, Linux), List(Linux, re, rue, lure, rule, rulez), List(ex, nu, ill, Uzi, Uri, Liz, rill, run, urn, ill, Uzi, Liz, Zulu, in, Lin, nil, null, Uzi, Uri, ill, nu, run, urn, in, Zulu, Uzi, nu, run, urn, null, Uri, nu, null, ruin, Lin, nil, Zulu, Liz, nu, run, urn, rill, nu), List(en, Zulu, ill, Uzi, Uri, Liz, rill), List(null, Uzi, re, ex, Rex, Uri, ex, re, Uzi, ex, Uzi, Uri, rue, Rex, Uzi, ire), List(Uri, nu, ex, null, ex, en, ex, nu, null, Zen, Len, Nell), List(ire, nu, Zulu, null), List(ruin, ex), List(Uzi, nu, re, ex, Rex, run, urn, ex, null, re, ex, Rex, en, re, nu, null, ex, nu, run, urn, null, rue, Rex, nu, null, Len, lure, rule, Nell), List(Rex, nu, ill, Uzi, Liz, Zulu, in, Lin, nil, null, Uzi, ill, nu, in, Zulu, Uzi, nu, null, Lin, nil, Zulu, Liz, nu), List(rein, Zulu), List(nu, ill, re, ex, rue, Rex, Uzi, re, ex, Rex, Uri, ex, Liz, re, ex, rue, Rex, lure, rule, rill, ex, re, ill, Uzi, Liz, ex, ill, Uzi, Uri, Liz, rill, rue, ill, Liz, Rex, ill, Uzi, Liz, lure, rule, Liz, rulez, Eli, lie, ire, lieu), List(liner, Zulu), List(lien, line, Neil, Nile, Zulu), List(lieu, nu, run, urn), List(run, urn, ill, ex, Uzi, ex, Liz, ex, ex, ill, Uzi, Liz, Eli, lie, lieu), List(Zen, ill, Uri, rill), List(rulez, nu, in, Unix, Lin, nil, Linux), List(rill, nu, ex, en, ex, nu, Zen), List(Unix, re, rue, lure, rule, rulez), List(Len, Zulu, Uzi, Uri, Liz), List(), List(Eli, lie, nu, run, urn, Zulu), List(Liz, nu, re, ex, rue, Rex, lure, rule, run, urn, ex, en, re, nu, ex, nu, run, urn, rue, nu, Rex, nu, Len, lure, rule, nu), List(ill, nu, re, ex, rue, Rex, run, urn, ex, en, re, nu, ex, nu, run, urn, rue, nu, Rex, nu, Zen), List(Nell, Uzi, Uri), List(Lin, nil, Zulu, re, ex, Rex, re, Zulu, ex, Zulu, rue, Rex, Zulu, lure, rule, rulez), List(urine), List(re, nu, ill, Uzi, Liz, Zulu, in, Lin, nil, null, Uzi, ill, nu, in, Zulu, Uzi, nu, null, Unix, Lin, nil, Zulu, Liz, nu, Linux), List(lure, rule, nu, Liz, in, Uzi, Unix, Lin, nil, Liz, nu, Linux), List(Zulu, in, re, ex, Rex, Lin, nil, re, ex, Rex, en, re, in, Lin, nil, ex, in, Lin, nil, Rex, in, Lin, nil, Len, Eli, lie, ire, rein, lien, line, Neil, Nile, liner), List(in, Zulu, re, ex, Rex, re, Zulu, ex, Zulu, rue, Rex, Zulu, lure, rule, rulez))&gt;
	at org.junit.Assert.fail(Assert.java:88)
	at org.junit.Assert.failNotEquals(Assert.java:743)
	at org.junit.Assert.assertEquals(Assert.java:118)
	at org.junit.Assert.assertEquals(Assert.java:144)
	at forcomp.AnagramsSuite.sentence$u0020anagrams$colon$u0020Linux$u0020rulez$u0020$u002810pts$u0029(AnagramsSuite.scala:90)
	at sun.reflect.NativeMethodAccessorImpl.invoke0(Native Method)
	at sun.reflect.NativeMethodAccessorImpl.invoke(NativeMethodAccessorImpl.java:62)
	at sun.reflect.DelegatingMethodAccessorImpl.invoke(DelegatingMethodAccessorImpl.java:43)
	at java.lang.reflect.Method.invoke(Method.java:498)
	at org.junit.runners.model.FrameworkMethod$1.runReflectiveCall(FrameworkMethod.java:47)
	at org.junit.internal.runners.model.ReflectiveCallable.run(ReflectiveCallable.java:12)
	at org.junit.runners.model.FrameworkMethod.invokeExplosively(FrameworkMethod.java:44)
	at org.junit.internal.runners.statements.InvokeMethod.evaluate(InvokeMethod.java:17)
	at org.junit.internal.runners.statements.FailOnTimeout$StatementThread.run(FailOnTimeout.java:74)
</failure>
                                               </testcase><testcase classname="forcomp.AnagramsSuite" name="subtract: lard - r (10pts)" time="0.001">
                                                 
                                               </testcase><testcase classname="forcomp.AnagramsSuite" name="wordAnagrams married (2pts)" time="0.001">
                                                 
                                               </testcase><testcase classname="forcomp.AnagramsSuite" name="sentence anagrams: [] (10pts)" time="0.0">
                                                 
                                               </testcase><testcase classname="forcomp.AnagramsSuite" name="wordOccurrences: Robert (3pts)" time="0.0">
                                                 
                                               </testcase><testcase classname="forcomp.AnagramsSuite" name="combinations: abba (8pts)" time="0.001">
                                                 
                                               </testcase><testcase classname="forcomp.AnagramsSuite" name="wordOccurrences: abcd (3pts)" time="0.001">
                                                 
                                               </testcase>
                     <system-out><![CDATA[]]></system-out>
                     <system-err><![CDATA[]]></system-err>
                   </testsuite>